15:37:28.639 INFO - Selenium build info: version: '3.7.1', revision: '8a0099a'
15:37:28.640 INFO - Launching a standalone Selenium Server
2018-01-19 15:37:28.663:INFO::main: Logging initialized @236ms to org.seleniumhq.jetty9.util.log.StdErrLog
15:37:28.698 INFO - Driver class not found: com.opera.core.systems.OperaDriver
15:37:28.718 INFO - Driver provider class org.openqa.selenium.safari.SafariDriver registration is skipped:
 registration capabilities Capabilities {browserName: safari, platform: MAC, version: } does not match the current platform WIN10
15:37:28.750 INFO - Using the passthrough mode handler
2018-01-19 15:37:28.766:INFO:osjs.Server:main: jetty-9.4.5.v20170502
2018-01-19 15:37:28.781:WARN:osjs.SecurityHandler:main: ServletContext@o.s.j.s.ServletContextHandler@57250572{/,null,STARTING} has uncovered http methods for path: /
2018-01-19 15:37:28.784:INFO:osjsh.ContextHandler:main: Started o.s.j.s.ServletContextHandler@57250572{/,null,AVAILABLE}
2018-01-19 15:37:28.870:INFO:osjs.AbstractConnector:main: Started ServerConnector@1da2cb77{HTTP/1.1,[http/1.1]}{0.0.0.0:4445}
2018-01-19 15:37:28.870:INFO:osjs.Server:main: Started @443ms
15:37:28.870 INFO - Selenium Server is up and running
2018-01-19 15:37:29.058:INFO:osjshC.ROOT:qtp1579526446-14: org.openqa.selenium.remote.server.WebDriverServlet-4c12331b: Initialising WebDriverServlet
15:37:29.100 INFO - Found handler: org.openqa.selenium.remote.server.commandhandler.BeginSession@1cbd3b1e
15:37:29.104 INFO - /session: Executing POST on /session (handler: BeginSession)
15:37:29.152 INFO - Capabilities are: Capabilities {acceptSslCerts: true, browserName: chrome, javascriptEnabled: true, name: Tests}
15:37:29.154 INFO - Capabilities {acceptSslCerts: true, browserName: chrome, javascriptEnabled: true, name: Tests} matched class org.openqa.selenium.remote.server.ServicedSession$Factory (provider: org.openqa.selenium.chrome.ChromeDriverService)
Starting ChromeDriver 2.33.506120 (e3e53437346286c0bc2d2dc9aa4915ba81d9023f) on port 18791
Only local connections are allowed.
15:37:31.307 INFO - Detected dialect: OSS
15:37:31.503 INFO - Found handler: org.openqa.selenium.remote.server.ServicedSession@21ddec47
15:37:31.503 INFO - Handler thread for session 58bc353fc3fd4d74c75d3dbf8a364088 (chrome): Executing POST on /session/58bc353fc3fd4d74c75d3dbf8a364088/url (handler: ServicedSession)
15:37:31.505 INFO - To upstream: {"url":"http://localhost:3000/"}
15:37:31.899 INFO - To downstream: {"sessionId":"58bc353fc3fd4d74c75d3dbf8a364088","status":0,"value":null}
15:37:31.905 INFO - Found handler: org.openqa.selenium.remote.server.ServicedSession@21ddec47
15:37:31.905 INFO - Handler thread for session 58bc353fc3fd4d74c75d3dbf8a364088 (chrome): Executing POST on /session/58bc353fc3fd4d74c75d3dbf8a364088/element (handler: ServicedSession)
15:37:31.907 INFO - To upstream: {"using":"css selector","value":"input[name=\"evenOddInput\"]"}
15:37:31.919 INFO - To downstream: {"sessionId":"58bc353fc3fd4d74c75d3dbf8a364088","status":0,"value":{"ELEMENT":"0.017665666013630066-1"}}
15:37:31.922 INFO - Found handler: org.openqa.selenium.remote.server.ServicedSession@21ddec47
15:37:31.923 INFO - Handler thread for session 58bc353fc3fd4d74c75d3dbf8a364088 (chrome): Executing POST on /session/58bc353fc3fd4d74c75d3dbf8a364088/element/0.017665666013630066-1/value (handler: ServicedSession)
15:37:31.924 INFO - To upstream: {"value":["1",",","2",",","3",",","4",",","5"]}
15:37:31.980 INFO - To downstream: {"sessionId":"58bc353fc3fd4d74c75d3dbf8a364088","status":0,"value":null}
15:37:31.982 INFO - Found handler: org.openqa.selenium.remote.server.ServicedSession@21ddec47
15:37:31.982 INFO - Handler thread for session 58bc353fc3fd4d74c75d3dbf8a364088 (chrome): Executing POST on /session/58bc353fc3fd4d74c75d3dbf8a364088/element (handler: ServicedSession)
15:37:31.984 INFO - To upstream: {"using":"css selector","value":"button[name='evenOddButton']"}
15:37:31.994 INFO - To downstream: {"sessionId":"58bc353fc3fd4d74c75d3dbf8a364088","status":0,"value":{"ELEMENT":"0.017665666013630066-2"}}
15:37:31.998 INFO - Found handler: org.openqa.selenium.remote.server.ServicedSession@21ddec47
15:37:31.998 INFO - Handler thread for session 58bc353fc3fd4d74c75d3dbf8a364088 (chrome): Executing POST on /session/58bc353fc3fd4d74c75d3dbf8a364088/element/0.017665666013630066-2/click (handler: ServicedSession)
15:37:31.999 INFO - To upstream: 
15:37:32.049 INFO - To downstream: {"sessionId":"58bc353fc3fd4d74c75d3dbf8a364088","status":0,"value":null}
15:37:32.053 INFO - Found handler: org.openqa.selenium.remote.server.ServicedSession@21ddec47
15:37:32.053 INFO - Handler thread for session 58bc353fc3fd4d74c75d3dbf8a364088 (chrome): Executing POST on /session/58bc353fc3fd4d74c75d3dbf8a364088/elements (handler: ServicedSession)
15:37:32.054 INFO - To upstream: {"using":"css selector","value":"span[name='evenResults']"}
15:37:32.068 INFO - To downstream: {"sessionId":"58bc353fc3fd4d74c75d3dbf8a364088","status":0,"value":[{"ELEMENT":"0.017665666013630066-3"}]}
15:37:32.071 INFO - Found handler: org.openqa.selenium.remote.server.ServicedSession@21ddec47
15:37:32.071 INFO - Handler thread for session 58bc353fc3fd4d74c75d3dbf8a364088 (chrome): Executing GET on /session/58bc353fc3fd4d74c75d3dbf8a364088/element/0.017665666013630066-3/text (handler: ServicedSession)
15:37:32.086 INFO - To downstream: {"sessionId":"58bc353fc3fd4d74c75d3dbf8a364088","status":0,"value":"Evens: [2,4]"}
15:37:32.091 INFO - Found handler: org.openqa.selenium.remote.server.ServicedSession@21ddec47
15:37:32.091 INFO - Handler thread for session 58bc353fc3fd4d74c75d3dbf8a364088 (chrome): Executing POST on /session/58bc353fc3fd4d74c75d3dbf8a364088/elements (handler: ServicedSession)
15:37:32.093 INFO - To upstream: {"using":"css selector","value":"span[name='oddResults']"}
15:37:32.105 INFO - To downstream: {"sessionId":"58bc353fc3fd4d74c75d3dbf8a364088","status":0,"value":[{"ELEMENT":"0.017665666013630066-4"}]}
15:37:32.111 INFO - Found handler: org.openqa.selenium.remote.server.ServicedSession@21ddec47
15:37:32.112 INFO - Handler thread for session 58bc353fc3fd4d74c75d3dbf8a364088 (chrome): Executing GET on /session/58bc353fc3fd4d74c75d3dbf8a364088/element/0.017665666013630066-4/text (handler: ServicedSession)
15:37:32.127 INFO - To downstream: {"sessionId":"58bc353fc3fd4d74c75d3dbf8a364088","status":0,"value":"Odds: [1,3,5]"}
15:37:32.132 INFO - Found handler: org.openqa.selenium.remote.server.ServicedSession@21ddec47
15:37:32.132 INFO - Handler thread for session 58bc353fc3fd4d74c75d3dbf8a364088 (chrome): Executing POST on /session/58bc353fc3fd4d74c75d3dbf8a364088/url (handler: ServicedSession)
15:37:32.133 INFO - To upstream: {"url":"http://localhost:3000/"}
15:37:32.278 INFO - To downstream: {"sessionId":"58bc353fc3fd4d74c75d3dbf8a364088","status":0,"value":null}
15:37:32.283 INFO - Found handler: org.openqa.selenium.remote.server.ServicedSession@21ddec47
15:37:32.283 INFO - Handler thread for session 58bc353fc3fd4d74c75d3dbf8a364088 (chrome): Executing POST on /session/58bc353fc3fd4d74c75d3dbf8a364088/element (handler: ServicedSession)
15:37:32.284 INFO - To upstream: {"using":"css selector","value":"input[name='objectFilterInput']"}
15:37:32.296 INFO - To downstream: {"sessionId":"58bc353fc3fd4d74c75d3dbf8a364088","status":0,"value":{"ELEMENT":"0.5929730655253895-1"}}
15:37:32.299 INFO - Found handler: org.openqa.selenium.remote.server.ServicedSession@21ddec47
15:37:32.299 INFO - Handler thread for session 58bc353fc3fd4d74c75d3dbf8a364088 (chrome): Executing POST on /session/58bc353fc3fd4d74c75d3dbf8a364088/element/0.5929730655253895-1/value (handler: ServicedSession)
15:37:32.300 INFO - To upstream: {"value":["h","a","i","r","C","o","l","o","r"]}
15:37:32.354 INFO - To downstream: {"sessionId":"58bc353fc3fd4d74c75d3dbf8a364088","status":0,"value":null}
15:37:32.357 INFO - Found handler: org.openqa.selenium.remote.server.ServicedSession@21ddec47
15:37:32.357 INFO - Handler thread for session 58bc353fc3fd4d74c75d3dbf8a364088 (chrome): Executing POST on /session/58bc353fc3fd4d74c75d3dbf8a364088/element (handler: ServicedSession)
15:37:32.359 INFO - To upstream: {"using":"css selector","value":"button[name='objectFilterButton']"}
15:37:32.369 INFO - To downstream: {"sessionId":"58bc353fc3fd4d74c75d3dbf8a364088","status":0,"value":{"ELEMENT":"0.5929730655253895-2"}}
15:37:32.372 INFO - Found handler: org.openqa.selenium.remote.server.ServicedSession@21ddec47
15:37:32.372 INFO - Handler thread for session 58bc353fc3fd4d74c75d3dbf8a364088 (chrome): Executing POST on /session/58bc353fc3fd4d74c75d3dbf8a364088/element/0.5929730655253895-2/click (handler: ServicedSession)
15:37:32.374 INFO - To upstream: 
15:37:32.412 INFO - To downstream: {"sessionId":"58bc353fc3fd4d74c75d3dbf8a364088","status":0,"value":null}
15:37:32.415 INFO - Found handler: org.openqa.selenium.remote.server.ServicedSession@21ddec47
15:37:32.415 INFO - Handler thread for session 58bc353fc3fd4d74c75d3dbf8a364088 (chrome): Executing POST on /session/58bc353fc3fd4d74c75d3dbf8a364088/elements (handler: ServicedSession)
15:37:32.416 INFO - To upstream: {"using":"css selector","value":"span[name='objectFilterResults']"}
15:37:32.427 INFO - To downstream: {"sessionId":"58bc353fc3fd4d74c75d3dbf8a364088","status":0,"value":[{"ELEMENT":"0.5929730655253895-3"}]}
15:37:32.430 INFO - Found handler: org.openqa.selenium.remote.server.ServicedSession@21ddec47
15:37:32.430 INFO - Handler thread for session 58bc353fc3fd4d74c75d3dbf8a364088 (chrome): Executing GET on /session/58bc353fc3fd4d74c75d3dbf8a364088/element/0.5929730655253895-3/text (handler: ServicedSession)
15:37:32.443 INFO - To downstream: {"sessionId":"58bc353fc3fd4d74c75d3dbf8a364088","status":0,"value":"Filtered: [ { \"name\": \"Jeremy Schrader\", \"age\": 24, \"hairColor\": \"brown\" } ]"}
15:37:32.447 INFO - Found handler: org.openqa.selenium.remote.server.ServicedSession@21ddec47
15:37:32.447 INFO - Handler thread for session 58bc353fc3fd4d74c75d3dbf8a364088 (chrome): Executing POST on /session/58bc353fc3fd4d74c75d3dbf8a364088/url (handler: ServicedSession)
15:37:32.448 INFO - To upstream: {"url":"http://localhost:3000/"}
15:37:32.501 INFO - To downstream: {"sessionId":"58bc353fc3fd4d74c75d3dbf8a364088","status":0,"value":null}
15:37:32.504 INFO - Found handler: org.openqa.selenium.remote.server.ServicedSession@21ddec47
15:37:32.504 INFO - Handler thread for session 58bc353fc3fd4d74c75d3dbf8a364088 (chrome): Executing POST on /session/58bc353fc3fd4d74c75d3dbf8a364088/element (handler: ServicedSession)
15:37:32.505 INFO - To upstream: {"using":"css selector","value":"input[id='nameFilterInput']"}
15:37:32.522 INFO - To downstream: {"sessionId":"58bc353fc3fd4d74c75d3dbf8a364088","status":0,"value":{"ELEMENT":"0.02985903348518093-1"}}
15:37:32.526 INFO - Found handler: org.openqa.selenium.remote.server.ServicedSession@21ddec47
15:37:32.526 INFO - Handler thread for session 58bc353fc3fd4d74c75d3dbf8a364088 (chrome): Executing POST on /session/58bc353fc3fd4d74c75d3dbf8a364088/element/0.02985903348518093-1/value (handler: ServicedSession)
15:37:32.527 INFO - To upstream: {"value":["a"]}
15:37:32.558 INFO - To downstream: {"sessionId":"58bc353fc3fd4d74c75d3dbf8a364088","status":0,"value":null}
15:37:32.561 INFO - Found handler: org.openqa.selenium.remote.server.ServicedSession@21ddec47
15:37:32.562 INFO - Handler thread for session 58bc353fc3fd4d74c75d3dbf8a364088 (chrome): Executing POST on /session/58bc353fc3fd4d74c75d3dbf8a364088/element (handler: ServicedSession)
15:37:32.563 INFO - To upstream: {"using":"css selector","value":"button[id='nameFilterButton']"}
15:37:32.573 INFO - To downstream: {"sessionId":"58bc353fc3fd4d74c75d3dbf8a364088","status":0,"value":{"ELEMENT":"0.02985903348518093-2"}}
15:37:32.577 INFO - Found handler: org.openqa.selenium.remote.server.ServicedSession@21ddec47
15:37:32.577 INFO - Handler thread for session 58bc353fc3fd4d74c75d3dbf8a364088 (chrome): Executing POST on /session/58bc353fc3fd4d74c75d3dbf8a364088/element/0.02985903348518093-2/click (handler: ServicedSession)
15:37:32.578 INFO - To upstream: 
15:37:32.617 INFO - To downstream: {"sessionId":"58bc353fc3fd4d74c75d3dbf8a364088","status":0,"value":null}
15:37:32.618 INFO - Found handler: org.openqa.selenium.remote.server.ServicedSession@21ddec47
15:37:32.618 INFO - Handler thread for session 58bc353fc3fd4d74c75d3dbf8a364088 (chrome): Executing POST on /session/58bc353fc3fd4d74c75d3dbf8a364088/elements (handler: ServicedSession)
15:37:32.619 INFO - To upstream: {"using":"css selector","value":"span[name='nameFilterResults']"}
15:37:32.633 INFO - To downstream: {"sessionId":"58bc353fc3fd4d74c75d3dbf8a364088","status":0,"value":[{"ELEMENT":"0.02985903348518093-3"}]}
15:37:32.637 INFO - Found handler: org.openqa.selenium.remote.server.ServicedSession@21ddec47
15:37:32.637 INFO - Handler thread for session 58bc353fc3fd4d74c75d3dbf8a364088 (chrome): Executing GET on /session/58bc353fc3fd4d74c75d3dbf8a364088/element/0.02985903348518093-3/text (handler: ServicedSession)
15:37:32.652 INFO - To downstream: {"sessionId":"58bc353fc3fd4d74c75d3dbf8a364088","status":0,"value":"Filtered Names: [ \"James\", \"Jessica\", \"Blake\", \"Mark\", \"Maddy\" ]"}
15:37:32.658 INFO - Found handler: org.openqa.selenium.remote.server.ServicedSession@21ddec47
15:37:32.659 INFO - Handler thread for session 58bc353fc3fd4d74c75d3dbf8a364088 (chrome): Executing POST on /session/58bc353fc3fd4d74c75d3dbf8a364088/url (handler: ServicedSession)
15:37:32.660 INFO - To upstream: {"url":"http://localhost:3000/"}
15:37:32.711 INFO - To downstream: {"sessionId":"58bc353fc3fd4d74c75d3dbf8a364088","status":0,"value":null}
15:37:32.715 INFO - Found handler: org.openqa.selenium.remote.server.ServicedSession@21ddec47
15:37:32.716 INFO - Handler thread for session 58bc353fc3fd4d74c75d3dbf8a364088 (chrome): Executing POST on /session/58bc353fc3fd4d74c75d3dbf8a364088/element (handler: ServicedSession)
15:37:32.717 INFO - To upstream: {"using":"css selector","value":"input[name='palindromeInput']"}
15:37:32.731 INFO - To downstream: {"sessionId":"58bc353fc3fd4d74c75d3dbf8a364088","status":0,"value":{"ELEMENT":"0.199800532294782-1"}}
15:37:32.734 INFO - Found handler: org.openqa.selenium.remote.server.ServicedSession@21ddec47
15:37:32.735 INFO - Handler thread for session 58bc353fc3fd4d74c75d3dbf8a364088 (chrome): Executing POST on /session/58bc353fc3fd4d74c75d3dbf8a364088/element/0.199800532294782-1/value (handler: ServicedSession)
15:37:32.736 INFO - To upstream: {"value":["r","a","c","e","c","a","r"]}
15:37:32.781 INFO - To downstream: {"sessionId":"58bc353fc3fd4d74c75d3dbf8a364088","status":0,"value":null}
15:37:32.783 INFO - Found handler: org.openqa.selenium.remote.server.ServicedSession@21ddec47
15:37:32.783 INFO - Handler thread for session 58bc353fc3fd4d74c75d3dbf8a364088 (chrome): Executing POST on /session/58bc353fc3fd4d74c75d3dbf8a364088/element (handler: ServicedSession)
15:37:32.784 INFO - To upstream: {"using":"css selector","value":"button[name='palindromeButton']"}
15:37:32.795 INFO - To downstream: {"sessionId":"58bc353fc3fd4d74c75d3dbf8a364088","status":0,"value":{"ELEMENT":"0.199800532294782-2"}}
15:37:32.798 INFO - Found handler: org.openqa.selenium.remote.server.ServicedSession@21ddec47
15:37:32.798 INFO - Handler thread for session 58bc353fc3fd4d74c75d3dbf8a364088 (chrome): Executing POST on /session/58bc353fc3fd4d74c75d3dbf8a364088/element/0.199800532294782-2/click (handler: ServicedSession)
15:37:32.799 INFO - To upstream: 
15:37:32.831 INFO - To downstream: {"sessionId":"58bc353fc3fd4d74c75d3dbf8a364088","status":0,"value":null}
15:37:32.834 INFO - Found handler: org.openqa.selenium.remote.server.ServicedSession@21ddec47
15:37:32.834 INFO - Handler thread for session 58bc353fc3fd4d74c75d3dbf8a364088 (chrome): Executing POST on /session/58bc353fc3fd4d74c75d3dbf8a364088/elements (handler: ServicedSession)
15:37:32.835 INFO - To upstream: {"using":"css selector","value":"span[name='palindromeResults']"}
15:37:32.846 INFO - To downstream: {"sessionId":"58bc353fc3fd4d74c75d3dbf8a364088","status":0,"value":[{"ELEMENT":"0.199800532294782-3"}]}
15:37:32.849 INFO - Found handler: org.openqa.selenium.remote.server.ServicedSession@21ddec47
15:37:32.849 INFO - Handler thread for session 58bc353fc3fd4d74c75d3dbf8a364088 (chrome): Executing GET on /session/58bc353fc3fd4d74c75d3dbf8a364088/element/0.199800532294782-3/text (handler: ServicedSession)
15:37:32.862 INFO - To downstream: {"sessionId":"58bc353fc3fd4d74c75d3dbf8a364088","status":0,"value":"Palindrome: true"}
15:37:32.867 INFO - Found handler: org.openqa.selenium.remote.server.ServicedSession@21ddec47
15:37:32.867 INFO - Handler thread for session 58bc353fc3fd4d74c75d3dbf8a364088 (chrome): Executing POST on /session/58bc353fc3fd4d74c75d3dbf8a364088/url (handler: ServicedSession)
15:37:32.868 INFO - To upstream: {"url":"http://localhost:3000/"}
15:37:32.917 INFO - To downstream: {"sessionId":"58bc353fc3fd4d74c75d3dbf8a364088","status":0,"value":null}
15:37:32.921 INFO - Found handler: org.openqa.selenium.remote.server.ServicedSession@21ddec47
15:37:32.921 INFO - Handler thread for session 58bc353fc3fd4d74c75d3dbf8a364088 (chrome): Executing POST on /session/58bc353fc3fd4d74c75d3dbf8a364088/element (handler: ServicedSession)
15:37:32.923 INFO - To upstream: {"using":"css selector","value":"input[name='sumInput1']"}
15:37:32.945 INFO - To downstream: {"sessionId":"58bc353fc3fd4d74c75d3dbf8a364088","status":0,"value":{"ELEMENT":"0.33854466305789455-1"}}
15:37:32.947 INFO - Found handler: org.openqa.selenium.remote.server.ServicedSession@21ddec47
15:37:32.947 INFO - Handler thread for session 58bc353fc3fd4d74c75d3dbf8a364088 (chrome): Executing POST on /session/58bc353fc3fd4d74c75d3dbf8a364088/element/0.33854466305789455-1/value (handler: ServicedSession)
15:37:32.948 INFO - To upstream: {"value":["2"]}
15:37:32.978 INFO - To downstream: {"sessionId":"58bc353fc3fd4d74c75d3dbf8a364088","status":0,"value":null}
15:37:32.981 INFO - Found handler: org.openqa.selenium.remote.server.ServicedSession@21ddec47
15:37:32.981 INFO - Handler thread for session 58bc353fc3fd4d74c75d3dbf8a364088 (chrome): Executing POST on /session/58bc353fc3fd4d74c75d3dbf8a364088/element (handler: ServicedSession)
15:37:32.982 INFO - To upstream: {"using":"css selector","value":"input[name='sumInput2']"}
15:37:32.993 INFO - To downstream: {"sessionId":"58bc353fc3fd4d74c75d3dbf8a364088","status":0,"value":{"ELEMENT":"0.33854466305789455-2"}}
15:37:32.997 INFO - Found handler: org.openqa.selenium.remote.server.ServicedSession@21ddec47
15:37:32.997 INFO - Handler thread for session 58bc353fc3fd4d74c75d3dbf8a364088 (chrome): Executing POST on /session/58bc353fc3fd4d74c75d3dbf8a364088/element/0.33854466305789455-2/value (handler: ServicedSession)
15:37:32.998 INFO - To upstream: {"value":["2"]}
15:37:33.025 INFO - To downstream: {"sessionId":"58bc353fc3fd4d74c75d3dbf8a364088","status":0,"value":null}
15:37:33.027 INFO - Found handler: org.openqa.selenium.remote.server.ServicedSession@21ddec47
15:37:33.027 INFO - Handler thread for session 58bc353fc3fd4d74c75d3dbf8a364088 (chrome): Executing POST on /session/58bc353fc3fd4d74c75d3dbf8a364088/element (handler: ServicedSession)
15:37:33.028 INFO - To upstream: {"using":"css selector","value":"button[name='sumButton']"}
15:37:33.038 INFO - To downstream: {"sessionId":"58bc353fc3fd4d74c75d3dbf8a364088","status":0,"value":{"ELEMENT":"0.33854466305789455-3"}}
15:37:33.044 INFO - Found handler: org.openqa.selenium.remote.server.ServicedSession@21ddec47
15:37:33.044 INFO - Handler thread for session 58bc353fc3fd4d74c75d3dbf8a364088 (chrome): Executing POST on /session/58bc353fc3fd4d74c75d3dbf8a364088/element/0.33854466305789455-3/click (handler: ServicedSession)
15:37:33.045 INFO - To upstream: 
15:37:33.078 INFO - To downstream: {"sessionId":"58bc353fc3fd4d74c75d3dbf8a364088","status":0,"value":null}
15:37:33.080 INFO - Found handler: org.openqa.selenium.remote.server.ServicedSession@21ddec47
15:37:33.081 INFO - Handler thread for session 58bc353fc3fd4d74c75d3dbf8a364088 (chrome): Executing POST on /session/58bc353fc3fd4d74c75d3dbf8a364088/elements (handler: ServicedSession)
15:37:33.082 INFO - To upstream: {"using":"css selector","value":"span[name='sumResults']"}
15:37:33.094 INFO - To downstream: {"sessionId":"58bc353fc3fd4d74c75d3dbf8a364088","status":0,"value":[{"ELEMENT":"0.33854466305789455-4"}]}
15:37:33.096 INFO - Found handler: org.openqa.selenium.remote.server.ServicedSession@21ddec47
15:37:33.097 INFO - Handler thread for session 58bc353fc3fd4d74c75d3dbf8a364088 (chrome): Executing GET on /session/58bc353fc3fd4d74c75d3dbf8a364088/element/0.33854466305789455-4/text (handler: ServicedSession)
15:37:33.112 INFO - To downstream: {"sessionId":"58bc353fc3fd4d74c75d3dbf8a364088","status":0,"value":"Sum: 4"}
15:37:33.116 INFO - Found handler: org.openqa.selenium.remote.server.ServicedSession@21ddec47
15:37:33.116 INFO - Handler thread for session 58bc353fc3fd4d74c75d3dbf8a364088 (chrome): Executing DELETE on /session/58bc353fc3fd4d74c75d3dbf8a364088 (handler: ServicedSession)
15:37:33.177 INFO - To downstream: {"sessionId":"58bc353fc3fd4d74c75d3dbf8a364088","status":0,"value":null}
15:37:33.184 INFO - Removing session org.openqa.selenium.remote.server.ServicedSession@21ddec47
